2024.12.28 17:02:04 INFO  Started: Metals version 1.4.1 in folders 'C:\Users\USER\IdeaProjects\final-project-FickDuu' for client Visual Studio Code 1.95.3.
2024.12.28 17:02:07 WARN  Flyway upgrade recommended: H2 2.3.232 is newer than this version of Flyway and support has not been tested. The latest supported version of H2 is 2.2.224.
2024.12.28 17:02:31 INFO  no build target found for C:\Users\USER\IdeaProjects\final-project-FickDuu\src\main\scala\ch\makery\address\view\musicPlayerController.scala. Using presentation compiler with project's scala-library version: 3.3.4
2024.12.28 17:02:34 INFO  no build target found for C:\Users\USER\IdeaProjects\final-project-FickDuu\src\main\scala\ch\makery\address\view\musicPlayerController.scala. Using presentation compiler with project's scala-library version: 3.3.4
Dec 28, 2024 5:02:35 PM org.eclipse.lsp4j.jsonrpc.RemoteEndpoint handleCancellation
WARNING: Unmatched cancel notification for request id 4
Dec 28, 2024 5:02:35 PM org.eclipse.lsp4j.jsonrpc.RemoteEndpoint handleCancellation
WARNING: Unmatched cancel notification for request id 1
2024.12.28 17:02:35 INFO  no build target found for C:\Users\USER\IdeaProjects\final-project-FickDuu\src\main\scala\ch\makery\address\view\musicPlayerController.scala. Using presentation compiler with project's scala-library version: 3.3.4
2024.12.28 17:02:35 INFO  no build target found for C:\Users\USER\IdeaProjects\final-project-FickDuu\src\main\scala\ch\makery\address\musicPlayer.scala. Using presentation compiler with project's scala-library version: 3.3.4
2024.12.28 17:02:35 INFO  no build target found for C:\Users\USER\IdeaProjects\final-project-FickDuu\src\main\scala\ch\makery\address\musicPlayer.scala. Using presentation compiler with project's scala-library version: 3.3.4
2024.12.28 17:02:35 INFO  no build target found for C:\Users\USER\IdeaProjects\final-project-FickDuu\src\main\scala\ch\makery\address\view\musicPlayerController.scala. Using presentation compiler with project's scala-library version: 3.3.4
2024.12.28 17:02:36 INFO  no build target found for C:\Users\USER\IdeaProjects\final-project-FickDuu\src\main\scala\ch\makery\address\view\musicPlayerController.scala. Using presentation compiler with project's scala-library version: 3.3.4
2024.12.28 17:02:36 INFO  no build target found for C:\Users\USER\IdeaProjects\final-project-FickDuu\src\main\scala\ch\makery\address\view\musicPlayerController.scala. Using presentation compiler with project's scala-library version: 3.3.4
2024.12.28 17:02:57 INFO  no build target found for C:\Users\USER\IdeaProjects\final-project-FickDuu\src\main\scala\ch\makery\address\musicPlayer.scala. Using presentation compiler with project's scala-library version: 3.3.4
2024.12.28 17:02:57 INFO  no build target found for C:\Users\USER\IdeaProjects\final-project-FickDuu\build.sbt. Using presentation compiler with project's scala-library version: 3.3.4
2024.12.28 17:03:02 INFO  no build target found for C:\Users\USER\IdeaProjects\final-project-FickDuu\build.sbt. Using presentation compiler with project's scala-library version: 3.3.4
2024.12.28 17:03:02 INFO  no build target found for C:\Users\USER\IdeaProjects\final-project-FickDuu\build.sbt. Using presentation compiler with project's scala-library version: 3.3.4
2024.12.28 17:03:03 INFO  no build target found for C:\Users\USER\IdeaProjects\final-project-FickDuu\build.sbt. Using presentation compiler with project's scala-library version: 3.3.4
2024.12.28 17:03:03 INFO  no build target found for C:\Users\USER\IdeaProjects\final-project-FickDuu\build.sbt. Using presentation compiler with project's scala-library version: 3.3.4
2024.12.28 17:03:04 INFO  no build target found for C:\Users\USER\IdeaProjects\final-project-FickDuu\build.sbt. Using presentation compiler with project's scala-library version: 3.3.4
2024.12.28 17:03:05 WARN  no build target for: C:\Users\USER\IdeaProjects\final-project-FickDuu\build.sbt
2024.12.28 17:03:04 INFO  no build target found for C:\Users\USER\IdeaProjects\final-project-FickDuu\build.sbt. Using presentation compiler with project's scala-library version: 3.3.4
2024.12.28 17:03:05 INFO  no build target found for C:\Users\USER\IdeaProjects\final-project-FickDuu\build.sbt. Using presentation compiler with project's scala-library version: 3.3.4
2024.12.28 17:03:05 INFO  no build target found for C:\Users\USER\IdeaProjects\final-project-FickDuu\build.sbt. Using presentation compiler with project's scala-library version: 3.3.4
2024.12.28 17:03:05 WARN  no build target for: C:\Users\USER\IdeaProjects\final-project-FickDuu\build.sbt
2024.12.28 17:03:05 INFO  no build target found for C:\Users\USER\IdeaProjects\final-project-FickDuu\build.sbt. Using presentation compiler with project's scala-library version: 3.3.4
2024.12.28 17:03:13 INFO  no build target found for C:\Users\USER\IdeaProjects\final-project-FickDuu\src\main\scala\ch\makery\address\musicPlayer.scala. Using presentation compiler with project's scala-library version: 3.3.4
2024.12.28 17:03:13 INFO  no build target found for C:\Users\USER\IdeaProjects\final-project-FickDuu\src\main\scala\ch\makery\address\musicPlayer.scala. Using presentation compiler with project's scala-library version: 3.3.4
2024.12.28 17:03:13 INFO  no build target found for C:\Users\USER\IdeaProjects\final-project-FickDuu\src\main\scala\ch\makery\address\musicPlayer.scala. Using presentation compiler with project's scala-library version: 3.3.4
2024.12.28 17:03:13 INFO  no build target found for C:\Users\USER\IdeaProjects\final-project-FickDuu\src\main\scala\ch\makery\address\musicPlayer.scala. Using presentation compiler with project's scala-library version: 3.3.4
2024.12.28 17:03:17 INFO  no build target found for C:\Users\USER\IdeaProjects\final-project-FickDuu\src\main\scala\ch\makery\address\view\musicPlayerController.scala. Using presentation compiler with project's scala-library version: 3.3.4
2024.12.28 17:03:18 INFO  no build target found for C:\Users\USER\IdeaProjects\final-project-FickDuu\src\main\scala\ch\makery\address\musicPlayer.scala. Using presentation compiler with project's scala-library version: 3.3.4
2024.12.28 17:03:18 INFO  no build target found for C:\Users\USER\IdeaProjects\final-project-FickDuu\src\main\scala\ch\makery\address\musicPlayer.scala. Using presentation compiler with project's scala-library version: 3.3.4
2024.12.28 17:03:19 INFO  no build target found for C:\Users\USER\IdeaProjects\final-project-FickDuu\src\main\scala\ch\makery\address\musicPlayer.scala. Using presentation compiler with project's scala-library version: 3.3.4
2024.12.28 17:03:18 INFO  no build target found for C:\Users\USER\IdeaProjects\final-project-FickDuu\src\main\scala\ch\makery\address\view\musicPlayerController.scala. Using presentation compiler with project's scala-library version: 3.3.4
2024.12.28 17:03:21 INFO  no build target found for C:\Users\USER\IdeaProjects\final-project-FickDuu\src\main\scala\ch\makery\address\view\musicPlayerController.scala. Using presentation compiler with project's scala-library version: 3.3.4
2024.12.28 17:03:30 INFO  no build target found for C:\Users\USER\IdeaProjects\final-project-FickDuu\src\main\scala\ch\makery\address\musicPlayer.scala. Using presentation compiler with project's scala-library version: 3.3.4
2024.12.28 17:03:30 INFO  no build target found for C:\Users\USER\IdeaProjects\final-project-FickDuu\src\main\scala\ch\makery\address\musicPlayer.scala. Using presentation compiler with project's scala-library version: 3.3.4
2024.12.28 17:03:30 INFO  no build target found for C:\Users\USER\IdeaProjects\final-project-FickDuu\src\main\scala\ch\makery\address\musicPlayer.scala. Using presentation compiler with project's scala-library version: 3.3.4
2024.12.28 17:03:30 INFO  no build target found for C:\Users\USER\IdeaProjects\final-project-FickDuu\src\main\scala\ch\makery\address\musicPlayer.scala. Using presentation compiler with project's scala-library version: 3.3.4
2024.12.28 17:03:32 INFO  no build target found for C:\Users\USER\IdeaProjects\final-project-FickDuu\src\main\scala\ch\makery\address\musicPlayer.scala. Using presentation compiler with project's scala-library version: 3.3.4
2024.12.28 17:03:32 INFO  no build target found for C:\Users\USER\IdeaProjects\final-project-FickDuu\src\main\scala\ch\makery\address\musicPlayer.scala. Using presentation compiler with project's scala-library version: 3.3.4
2024.12.28 17:03:33 INFO  no build target found for C:\Users\USER\IdeaProjects\final-project-FickDuu\src\main\scala\ch\makery\address\musicPlayer.scala. Using presentation compiler with project's scala-library version: 3.3.4
2024.12.28 17:03:33 INFO  no build target found for C:\Users\USER\IdeaProjects\final-project-FickDuu\src\main\scala\ch\makery\address\musicPlayer.scala. Using presentation compiler with project's scala-library version: 3.3.4
2024.12.28 17:03:33 INFO  no build target found for C:\Users\USER\IdeaProjects\final-project-FickDuu\src\main\scala\ch\makery\address\musicPlayer.scala. Using presentation compiler with project's scala-library version: 3.3.4
2024.12.28 17:03:33 INFO  no build target found for C:\Users\USER\IdeaProjects\final-project-FickDuu\src\main\scala\ch\makery\address\musicPlayer.scala. Using presentation compiler with project's scala-library version: 3.3.4
2024.12.28 17:03:36 INFO  no build target found for C:\Users\USER\IdeaProjects\final-project-FickDuu\src\main\scala\ch\makery\address\musicPlayer.scala. Using presentation compiler with project's scala-library version: 3.3.4
2024.12.28 17:03:36 INFO  no build target found for C:\Users\USER\IdeaProjects\final-project-FickDuu\src\main\scala\ch\makery\address\musicPlayer.scala. Using presentation compiler with project's scala-library version: 3.3.4
2024.12.28 17:03:37 INFO  no build target found for C:\Users\USER\IdeaProjects\final-project-FickDuu\src\main\scala\ch\makery\address\musicPlayer.scala. Using presentation compiler with project's scala-library version: 3.3.4
2024.12.28 17:04:30 INFO  no build target found for C:\Users\USER\IdeaProjects\final-project-FickDuu\src\main\scala\ch\makery\address\musicPlayer.scala. Using presentation compiler with project's scala-library version: 3.3.4
2024.12.28 17:06:17 INFO  no build target found for C:\Users\USER\IdeaProjects\final-project-FickDuu\src\main\scala\ch\makery\address\musicPlayer.scala. Using presentation compiler with project's scala-library version: 3.3.4
2024.12.28 17:06:19 INFO  no build target found for C:\Users\USER\IdeaProjects\final-project-FickDuu\src\main\scala\ch\makery\address\musicPlayer.scala. Using presentation compiler with project's scala-library version: 3.3.4
2024.12.28 17:06:19 INFO  no build target found for C:\Users\USER\IdeaProjects\final-project-FickDuu\src\main\scala\ch\makery\address\musicPlayer.scala. Using presentation compiler with project's scala-library version: 3.3.4
2024.12.28 17:06:20 INFO  no build target found for C:\Users\USER\IdeaProjects\final-project-FickDuu\src\main\scala\ch\makery\address\musicPlayer.scala. Using presentation compiler with project's scala-library version: 3.3.4
2024.12.28 17:06:20 INFO  no build target found for C:\Users\USER\IdeaProjects\final-project-FickDuu\src\main\scala\ch\makery\address\musicPlayer.scala. Using presentation compiler with project's scala-library version: 3.3.4
2024.12.28 17:06:22 INFO  no build target found for C:\Users\USER\IdeaProjects\final-project-FickDuu\src\main\scala\ch\makery\address\musicPlayer.scala. Using presentation compiler with project's scala-library version: 3.3.4
2024.12.28 17:06:26 INFO  no build target found for C:\Users\USER\IdeaProjects\final-project-FickDuu\src\main\scala\ch\makery\address\musicPlayer.scala. Using presentation compiler with project's scala-library version: 3.3.4
2024.12.28 17:06:27 INFO  no build target found for C:\Users\USER\IdeaProjects\final-project-FickDuu\src\main\scala\ch\makery\address\musicPlayer.scala. Using presentation compiler with project's scala-library version: 3.3.4
2024.12.28 17:06:27 INFO  no build target found for C:\Users\USER\IdeaProjects\final-project-FickDuu\src\main\scala\ch\makery\address\musicPlayer.scala. Using presentation compiler with project's scala-library version: 3.3.4
2024.12.28 17:06:27 INFO  no build target found for C:\Users\USER\IdeaProjects\final-project-FickDuu\src\main\scala\ch\makery\address\musicPlayer.scala. Using presentation compiler with project's scala-library version: 3.3.4
2024.12.28 17:06:28 INFO  no build target found for C:\Users\USER\IdeaProjects\final-project-FickDuu\src\main\scala\ch\makery\address\musicPlayer.scala. Using presentation compiler with project's scala-library version: 3.3.4
2024.12.28 17:06:40 INFO  no build target found for C:\Users\USER\IdeaProjects\final-project-FickDuu\build.sbt. Using presentation compiler with project's scala-library version: 3.3.4
2024.12.28 17:06:40 INFO  no build target found for C:\Users\USER\IdeaProjects\final-project-FickDuu\build.sbt. Using presentation compiler with project's scala-library version: 3.3.4
2024.12.28 17:06:41 INFO  no build target found for C:\Users\USER\IdeaProjects\final-project-FickDuu\build.sbt. Using presentation compiler with project's scala-library version: 3.3.4
2024.12.28 17:09:00 INFO  Shutting down server
2024.12.28 17:09:00 INFO  shutting down Metals
2024.12.28 17:09:00 INFO  Exiting server
2024.12.28 17:09:10 INFO  Started: Metals version 1.4.1 in folders 'C:\Users\USER\IdeaProjects\final-project-FickDuu' for client Visual Studio Code 1.95.3.
2024.12.28 17:09:11 WARN  Flyway upgrade recommended: H2 2.3.232 is newer than this version of Flyway and support has not been tested. The latest supported version of H2 is 2.2.224.
2024.12.28 17:09:11 INFO  no build target found for C:\Users\USER\IdeaProjects\final-project-FickDuu\build.sbt. Using presentation compiler with project's scala-library version: 3.3.4
Dec 28, 2024 5:09:14 PM org.eclipse.lsp4j.jsonrpc.RemoteEndpoint handleCancellation
WARNING: Unmatched cancel notification for request id 1
2024.12.28 17:09:21 INFO  running 'C:\Program Files\Java\jdk-22\bin\java.exe -Djline.terminal=jline.UnsupportedTerminal -Dsbt.log.noformat=true -Dfile.encoding=UTF-8 -jar C:\Users\USER\AppData\Local\Temp\metals1497762105491292031\sbt-launch.jar -Dbloop.export-jar-classifiers=sources bloopInstall'
2024.12.28 17:09:23 ERROR sbt.internal.ServerAlreadyBootingException: java.io.IOException: Could not create lock for \\.\pipe\sbt-load-2841338383333933045_lock, error 5
2024.12.28 17:09:23 INFO  sbt thinks that server is already booting because of this exception:
2024.12.28 17:09:23 ERROR 	at sbt.internal.BootServerSocket.newSocket(BootServerSocket.java:357)
2024.12.28 17:09:23 ERROR 	at sbt.internal.BootServerSocket.<init>(BootServerSocket.java:296)
2024.12.28 17:09:23 INFO  Create a new server? y/n (default y)
2024.12.28 17:09:23 ERROR 	at sbt.xMain$.getSocketOrExit(Main.scala:152)
2024.12.28 17:09:23 ERROR 	at sbt.xMain$.bootServerSocket$lzycompute$1(Main.scala:78)
2024.12.28 17:09:23 ERROR 	at sbt.xMain$.bootServerSocket$1(Main.scala:78)
2024.12.28 17:09:23 ERROR 	at sbt.xMain$.withStreams$1(Main.scala:86)
2024.12.28 17:09:23 ERROR 	at sbt.xMain$.run(Main.scala:123)
2024.12.28 17:09:23 ERROR 	at java.base/jdk.internal.reflect.DirectMethodHandleAccessor.invoke(DirectMethodHandleAccessor.java:103)
2024.12.28 17:09:23 ERROR 	at java.base/java.lang.reflect.Method.invoke(Method.java:580)
2024.12.28 17:09:23 ERROR 	at sbt.internal.XMainConfiguration.run(XMainConfiguration.java:59)
2024.12.28 17:09:23 ERROR 	at sbt.xMain.run(Main.scala:47)
2024.12.28 17:09:23 ERROR 	at xsbt.boot.Launch$.$anonfun$run$1(Launch.scala:149)
2024.12.28 17:09:23 ERROR 	at xsbt.boot.Launch$.withContextLoader(Launch.scala:176)
2024.12.28 17:09:23 ERROR 	at xsbt.boot.Launch$.run(Launch.scala:149)
2024.12.28 17:09:23 ERROR 	at xsbt.boot.Launch$.$anonfun$apply$1(Launch.scala:44)
2024.12.28 17:09:23 ERROR 	at xsbt.boot.Launch$.launch(Launch.scala:159)
2024.12.28 17:09:23 ERROR 	at xsbt.boot.Launch$.apply(Launch.scala:44)
2024.12.28 17:09:23 ERROR 	at xsbt.boot.Launch$.apply(Launch.scala:21)
2024.12.28 17:09:23 ERROR 	at xsbt.boot.Boot$.runImpl(Boot.scala:78)
2024.12.28 17:09:23 ERROR 	at xsbt.boot.Boot$.run(Boot.scala:73)
2024.12.28 17:09:23 ERROR 	at xsbt.boot.Boot$.main(Boot.scala:21)
2024.12.28 17:09:23 ERROR 	at xsbt.boot.Boot.main(Boot.scala)
2024.12.28 17:09:23 ERROR Caused by: java.io.IOException: Could not create lock for \\.\pipe\sbt-load-2841338383333933045_lock, error 5
2024.12.28 17:09:23 ERROR 	at org.scalasbt.ipcsocket.Win32NamedPipeServerSocket.<init>(Win32NamedPipeServerSocket.java:129)
2024.12.28 17:09:23 ERROR 	at org.scalasbt.ipcsocket.Win32NamedPipeServerSocket.<init>(Win32NamedPipeServerSocket.java:48)
2024.12.28 17:09:23 ERROR 	at sbt.internal.BootServerSocket.newSocket(BootServerSocket.java:351)
2024.12.28 17:09:23 ERROR 	... 21 more
2024.12.28 17:09:24 INFO  no build target found for C:\Users\USER\IdeaProjects\final-project-FickDuu\build.sbt. Using presentation compiler with project's scala-library version: 3.3.4
2024.12.28 17:09:25 INFO  [info] welcome to sbt 1.10.2 (Oracle Corporation Java 22.0.2)
2024.12.28 17:09:24 INFO  no build target found for C:\Users\USER\IdeaProjects\final-project-FickDuu\build.sbt. Using presentation compiler with project's scala-library version: 3.3.4
2024.12.28 17:09:26 INFO  no build target found for C:\Users\USER\IdeaProjects\final-project-FickDuu\build.sbt. Using presentation compiler with project's scala-library version: 3.3.4
2024.12.28 17:09:33 INFO  [info] loading settings for project final-project-fickduu-build-build-build from metals.sbt ...
2024.12.28 17:09:34 INFO  [info] loading project definition from C:\Users\USER\IdeaProjects\final-project-FickDuu\project\project\project
2024.12.28 17:09:43 INFO  [info] loading settings for project final-project-fickduu-build-build from metals.sbt ...
2024.12.28 17:09:43 INFO  [info] loading project definition from C:\Users\USER\IdeaProjects\final-project-FickDuu\project\project
2024.12.28 17:09:55 INFO  [success] Generated .bloop\final-project-fickduu-build-build.json
2024.12.28 17:09:55 INFO  [success] Total time: 11 s, completed 28 Dec 2024, 5:09:55 pm
2024.12.28 17:09:57 INFO  [info] loading settings for project final-project-fickduu-build from metals.sbt,plugins.sbt ...
2024.12.28 17:09:57 INFO  [info] loading project definition from C:\Users\USER\IdeaProjects\final-project-FickDuu\project
2024.12.28 17:10:03 INFO  [success] Generated .bloop\final-project-fickduu-build.json
2024.12.28 17:10:03 INFO  [success] Total time: 6 s, completed 28 Dec 2024, 5:10:03 pm
2024.12.28 17:10:07 INFO  [info] loading settings for project root from build.sbt ...
2024.12.28 17:10:07 INFO  [info] set current project to introtosclafx (in build file:/C:/Users/USER/IdeaProjects/final-project-FickDuu/)
2024.12.28 17:10:08 INFO  [success] Generated .bloop\root.json
2024.12.28 17:10:08 INFO  [success] Generated .bloop\root-test.json
2024.12.28 17:10:08 INFO  [success] Total time: 1 s, completed 28 Dec 2024, 5:10:08 pm
2024.12.28 17:10:09 INFO  time: ran 'sbt bloopInstall' in 47s
2024.12.28 17:10:09 INFO  Attempting to connect to the build server...
2024.12.28 17:10:09 INFO  No running Bloop server found, starting one.
2024.12.28 17:10:18 INFO  Starting compilation server
2024.12.28 17:10:20 INFO  tracing is disabled for protocol BSP, to enable tracing of incoming and outgoing JSON messages create an empty file at C:\Users\USER\IdeaProjects\final-project-FickDuu\.metals\bsp.trace.json or C:\Users\USER\AppData\Local\scalameta\metals\cache\bsp.trace.json
2024.12.28 17:10:22 INFO  Attempting to connect to the build server...
2024.12.28 17:10:22 INFO  Found a Bloop server running
2024.12.28 17:10:22 INFO  Attempting to connect to the build server...
2024.12.28 17:10:22 INFO  Found a Bloop server running
2024.12.28 17:10:24 INFO  tracing is disabled for protocol BSP, to enable tracing of incoming and outgoing JSON messages create an empty file at C:\Users\USER\IdeaProjects\final-project-FickDuu\project\project\.metals\bsp.trace.json or C:\Users\USER\AppData\Local\scalameta\metals\cache\bsp.trace.json
2024.12.28 17:10:24 INFO  tracing is disabled for protocol BSP, to enable tracing of incoming and outgoing JSON messages create an empty file at C:\Users\USER\IdeaProjects\final-project-FickDuu\project\.metals\bsp.trace.json or C:\Users\USER\AppData\Local\scalameta\metals\cache\bsp.trace.json
2024.12.28 17:10:33 INFO  time: Connected to build server in 24s
2024.12.28 17:10:33 INFO  Connected to Build server: Bloop v2.0.5
2024.12.28 17:10:34 INFO  time: Imported build in 0.25s
2024.12.28 17:10:34 INFO  running doctor check
2024.12.28 17:10:34 INFO  java targets: root, final-project-fickduu-build-build, final-project-fickduu-build, root-test
2024.12.28 17:10:49 WARN  Flyway upgrade recommended: H2 2.3.232 is newer than this version of Flyway and support has not been tested. The latest supported version of H2 is 2.2.224.
2024.12.28 17:11:14 INFO  time: indexed workspace in 40s
2024.12.28 17:11:15 INFO  compiling root (2 scala sources)
2024.12.28 17:11:25 INFO  time: compiled root in 9.84s
2024.12.28 17:11:27 INFO  time: code lens generation in 1.71s
2024.12.28 17:11:27 INFO  time: code lens generation in 1.71s
2024.12.28 17:11:27 INFO  time: code lens generation in 1.71s
2024.12.28 17:11:27 INFO  time: code lens generation in 1.71s
2024.12.28 17:21:38 INFO  compiling root (1 scala source)
Dec 28, 2024 5:21:39 PM org.eclipse.lsp4j.jsonrpc.RemoteEndpoint handleCancellation
WARNING: Unmatched cancel notification for request id 91
Dec 28, 2024 5:21:39 PM org.eclipse.lsp4j.jsonrpc.RemoteEndpoint handleCancellation
WARNING: Unmatched cancel notification for request id 94
Dec 28, 2024 5:21:40 PM org.eclipse.lsp4j.jsonrpc.RemoteEndpoint handleCancellation
WARNING: Unmatched cancel notification for request id 107
Dec 28, 2024 5:21:41 PM org.eclipse.lsp4j.jsonrpc.RemoteEndpoint handleCancellation
WARNING: Unmatched cancel notification for request id 111
Dec 28, 2024 5:21:43 PM org.eclipse.lsp4j.jsonrpc.RemoteEndpoint handleCancellation
WARNING: Unmatched cancel notification for request id 132
2024.12.28 17:21:47 INFO  time: compiled root in 9.14s
2024.12.28 17:21:47 WARN  Could not load snapshot text for C:\Users\USER\IdeaProjects\final-project-FickDuu\src\main\scala\ch\makery\address\musicPlayer.scala
2024.12.28 17:21:48 WARN  Could not load snapshot text for C:\Users\USER\IdeaProjects\final-project-FickDuu\src\main\scala\ch\makery\address\musicPlayer.scala
2024.12.28 17:21:49 INFO  compiling root (1 scala source)
2024.12.28 17:21:49 WARN  Could not load snapshot text for C:\Users\USER\IdeaProjects\final-project-FickDuu\src\main\scala\ch\makery\address\musicPlayer.scala
2024.12.28 17:21:52 INFO  time: compiled root in 3.22s
2024.12.28 17:21:53 WARN  Could not load snapshot text for C:\Users\USER\IdeaProjects\final-project-FickDuu\src\main\scala\ch\makery\address\musicPlayer.scala
2024.12.28 17:21:58 WARN  Could not load snapshot text for C:\Users\USER\IdeaProjects\final-project-FickDuu\src\main\scala\ch\makery\address\musicPlayer.scala
2024.12.28 17:21:58 WARN  Could not load snapshot text for C:\Users\USER\IdeaProjects\final-project-FickDuu\src\main\scala\ch\makery\address\musicPlayer.scala
2024.12.28 17:21:59 WARN  Could not load snapshot text for C:\Users\USER\IdeaProjects\final-project-FickDuu\src\main\scala\ch\makery\address\musicPlayer.scala
2024.12.28 17:22:00 INFO  compiling root (1 scala source)
2024.12.28 17:22:00 WARN  Could not load snapshot text for C:\Users\USER\IdeaProjects\final-project-FickDuu\src\main\scala\ch\makery\address\musicPlayer.scala
2024.12.28 17:22:01 WARN  Could not load snapshot text for C:\Users\USER\IdeaProjects\final-project-FickDuu\src\main\scala\ch\makery\address\musicPlayer.scala
2024.12.28 17:22:02 WARN  Could not load snapshot text for C:\Users\USER\IdeaProjects\final-project-FickDuu\src\main\scala\ch\makery\address\musicPlayer.scala
2024.12.28 17:22:02 INFO  time: compiled root in 2.29s
2024.12.28 17:22:02 INFO  compiling root (1 scala source)
2024.12.28 17:22:02 WARN  Could not load snapshot text for C:\Users\USER\IdeaProjects\final-project-FickDuu\src\main\scala\ch\makery\address\musicPlayer.scala
2024.12.28 17:22:03 WARN  Could not load snapshot text for C:\Users\USER\IdeaProjects\final-project-FickDuu\src\main\scala\ch\makery\address\musicPlayer.scala
2024.12.28 17:22:05 INFO  time: compiled root in 3.12s
2024.12.28 17:22:05 INFO  compiling root (1 scala source)
2024.12.28 17:22:06 WARN  Could not load snapshot text for C:\Users\USER\IdeaProjects\final-project-FickDuu\src\main\scala\ch\makery\address\musicPlayer.scala
2024.12.28 17:22:08 INFO  time: compiled root in 2.59s
2024.12.28 17:22:08 WARN  Could not load snapshot text for C:\Users\USER\IdeaProjects\final-project-FickDuu\src\main\scala\ch\makery\address\musicPlayer.scala
2024.12.28 17:22:10 WARN  Could not load snapshot text for C:\Users\USER\IdeaProjects\final-project-FickDuu\src\main\scala\ch\makery\address\musicPlayer.scala
2024.12.28 17:22:11 WARN  Could not load snapshot text for C:\Users\USER\IdeaProjects\final-project-FickDuu\src\main\scala\ch\makery\address\musicPlayer.scala
2024.12.28 17:22:12 WARN  Could not load snapshot text for C:\Users\USER\IdeaProjects\final-project-FickDuu\src\main\scala\ch\makery\address\musicPlayer.scala
2024.12.28 17:22:13 INFO  compiling root (1 scala source)
2024.12.28 17:22:13 WARN  Could not load snapshot text for C:\Users\USER\IdeaProjects\final-project-FickDuu\src\main\scala\ch\makery\address\musicPlayer.scala
2024.12.28 17:22:14 WARN  Could not load snapshot text for C:\Users\USER\IdeaProjects\final-project-FickDuu\src\main\scala\ch\makery\address\musicPlayer.scala
2024.12.28 17:22:15 INFO  time: compiled root in 1.96s
2024.12.28 17:22:15 INFO  compiling root (1 scala source)
2024.12.28 17:22:15 WARN  Could not load snapshot text for C:\Users\USER\IdeaProjects\final-project-FickDuu\src\main\scala\ch\makery\address\musicPlayer.scala
2024.12.28 17:22:17 INFO  time: compiled root in 2.25s
2024.12.28 17:22:17 WARN  Could not load snapshot text for C:\Users\USER\IdeaProjects\final-project-FickDuu\src\main\scala\ch\makery\address\musicPlayer.scala
2024.12.28 17:22:18 WARN  Could not load snapshot text for C:\Users\USER\IdeaProjects\final-project-FickDuu\src\main\scala\ch\makery\address\musicPlayer.scala
2024.12.28 17:22:19 INFO  compiling root (1 scala source)
2024.12.28 17:22:19 WARN  Could not load snapshot text for C:\Users\USER\IdeaProjects\final-project-FickDuu\src\main\scala\ch\makery\address\musicPlayer.scala
2024.12.28 17:22:21 INFO  time: compiled root in 1.35s
2024.12.28 17:22:21 WARN  Could not load snapshot text for C:\Users\USER\IdeaProjects\final-project-FickDuu\src\main\scala\ch\makery\address\musicPlayer.scala
2024.12.28 17:22:23 WARN  Could not load snapshot text for C:\Users\USER\IdeaProjects\final-project-FickDuu\src\main\scala\ch\makery\address\musicPlayer.scala
2024.12.28 17:22:24 INFO  compiling root (1 scala source)
2024.12.28 17:22:24 WARN  Could not load snapshot text for C:\Users\USER\IdeaProjects\final-project-FickDuu\src\main\scala\ch\makery\address\musicPlayer.scala
2024.12.28 17:22:25 INFO  time: compiled root in 1.27s
2024.12.28 17:22:26 WARN  Could not load snapshot text for C:\Users\USER\IdeaProjects\final-project-FickDuu\src\main\scala\ch\makery\address\musicPlayer.scala
2024.12.28 17:22:43 WARN  Could not load snapshot text for C:\Users\USER\IdeaProjects\final-project-FickDuu\src\main\scala\ch\makery\address\musicPlayer.scala
2024.12.28 17:22:44 WARN  Could not load snapshot text for C:\Users\USER\IdeaProjects\final-project-FickDuu\src\main\scala\ch\makery\address\musicPlayer.scala
2024.12.28 17:22:45 WARN  Could not load snapshot text for C:\Users\USER\IdeaProjects\final-project-FickDuu\src\main\scala\ch\makery\address\musicPlayer.scala
2024.12.28 17:22:46 INFO  compiling root (1 scala source)
2024.12.28 17:22:46 WARN  Could not load snapshot text for C:\Users\USER\IdeaProjects\final-project-FickDuu\src\main\scala\ch\makery\address\musicPlayer.scala
Dec 28, 2024 5:22:47 PM org.eclipse.lsp4j.jsonrpc.RemoteEndpoint handleCancellation
WARNING: Unmatched cancel notification for request id 387
2024.12.28 17:22:47 WARN  Could not load snapshot text for C:\Users\USER\IdeaProjects\final-project-FickDuu\src\main\scala\ch\makery\address\musicPlayer.scala
Dec 28, 2024 5:22:48 PM org.eclipse.lsp4j.jsonrpc.RemoteEndpoint handleCancellation
WARNING: Unmatched cancel notification for request id 396
2024.12.28 17:22:48 INFO  time: compiled root in 2.07s
2024.12.28 17:22:48 WARN  Could not load snapshot text for C:\Users\USER\IdeaProjects\final-project-FickDuu\src\main\scala\ch\makery\address\musicPlayer.scala
2024.12.28 17:22:49 INFO  compiling root (1 scala source)
2024.12.28 17:22:49 WARN  Could not load snapshot text for C:\Users\USER\IdeaProjects\final-project-FickDuu\src\main\scala\ch\makery\address\musicPlayer.scala
2024.12.28 17:22:50 WARN  Could not load snapshot text for C:\Users\USER\IdeaProjects\final-project-FickDuu\src\main\scala\ch\makery\address\musicPlayer.scala
2024.12.28 17:22:51 INFO  time: compiled root in 2.25s
2024.12.28 17:22:51 WARN  Could not load snapshot text for C:\Users\USER\IdeaProjects\final-project-FickDuu\src\main\scala\ch\makery\address\musicPlayer.scala
2024.12.28 17:22:52 WARN  Could not load snapshot text for C:\Users\USER\IdeaProjects\final-project-FickDuu\src\main\scala\ch\makery\address\musicPlayer.scala
2024.12.28 17:22:52 WARN  Could not load snapshot text for C:\Users\USER\IdeaProjects\final-project-FickDuu\src\main\scala\ch\makery\address\musicPlayer.scala
2024.12.28 17:22:53 INFO  compiling root (1 scala source)
2024.12.28 17:22:53 WARN  Could not load snapshot text for C:\Users\USER\IdeaProjects\final-project-FickDuu\src\main\scala\ch\makery\address\musicPlayer.scala
2024.12.28 17:22:55 INFO  time: compiled root in 1.94s
2024.12.28 17:22:55 WARN  Could not load snapshot text for C:\Users\USER\IdeaProjects\final-project-FickDuu\src\main\scala\ch\makery\address\musicPlayer.scala
2024.12.28 17:23:00 WARN  Could not load snapshot text for C:\Users\USER\IdeaProjects\final-project-FickDuu\src\main\scala\ch\makery\address\musicPlayer.scala
2024.12.28 17:23:01 INFO  compiling root (1 scala source)
2024.12.28 17:23:01 WARN  Could not load snapshot text for C:\Users\USER\IdeaProjects\final-project-FickDuu\src\main\scala\ch\makery\address\musicPlayer.scala
2024.12.28 17:23:02 INFO  time: compiled root in 1.45s
2024.12.28 17:23:02 WARN  Could not load snapshot text for C:\Users\USER\IdeaProjects\final-project-FickDuu\src\main\scala\ch\makery\address\musicPlayer.scala
2024.12.28 17:23:02 WARN  Could not load snapshot text for C:\Users\USER\IdeaProjects\final-project-FickDuu\src\main\scala\ch\makery\address\musicPlayer.scala
2024.12.28 17:23:02 INFO  compiling root (1 scala source)
2024.12.28 17:23:02 WARN  Could not load snapshot text for C:\Users\USER\IdeaProjects\final-project-FickDuu\src\main\scala\ch\makery\address\musicPlayer.scala
2024.12.28 17:23:04 WARN  Could not load snapshot text for C:\Users\USER\IdeaProjects\final-project-FickDuu\src\main\scala\ch\makery\address\musicPlayer.scala
2024.12.28 17:23:04 WARN  Could not load snapshot text for C:\Users\USER\IdeaProjects\final-project-FickDuu\src\main\scala\ch\makery\address\musicPlayer.scala
2024.12.28 17:23:04 WARN  Could not load snapshot text for C:\Users\USER\IdeaProjects\final-project-FickDuu\src\main\scala\ch\makery\address\musicPlayer.scala
2024.12.28 17:23:04 WARN  Could not load snapshot text for C:\Users\USER\IdeaProjects\final-project-FickDuu\src\main\scala\ch\makery\address\musicPlayer.scala
2024.12.28 17:23:04 WARN  Could not load snapshot text for C:\Users\USER\IdeaProjects\final-project-FickDuu\src\main\scala\ch\makery\address\musicPlayer.scala
2024.12.28 17:23:04 WARN  Could not load snapshot text for C:\Users\USER\IdeaProjects\final-project-FickDuu\src\main\scala\ch\makery\address\musicPlayer.scala
2024.12.28 17:23:05 WARN  Could not load snapshot text for C:\Users\USER\IdeaProjects\final-project-FickDuu\src\main\scala\ch\makery\address\musicPlayer.scala
2024.12.28 17:23:05 WARN  Could not load snapshot text for C:\Users\USER\IdeaProjects\final-project-FickDuu\src\main\scala\ch\makery\address\musicPlayer.scala
2024.12.28 17:23:05 INFO  time: compiled root in 2.44s
2024.12.28 17:23:05 WARN  Could not load snapshot text for C:\Users\USER\IdeaProjects\final-project-FickDuu\src\main\scala\ch\makery\address\musicPlayer.scala
2024.12.28 17:23:05 INFO  compiling root (1 scala source)
2024.12.28 17:23:05 WARN  Could not load snapshot text for C:\Users\USER\IdeaProjects\final-project-FickDuu\src\main\scala\ch\makery\address\musicPlayer.scala
2024.12.28 17:23:07 INFO  time: compiled root in 1.88s
2024.12.28 17:23:07 WARN  Could not load snapshot text for C:\Users\USER\IdeaProjects\final-project-FickDuu\src\main\scala\ch\makery\address\musicPlayer.scala
2024.12.28 17:23:19 WARN  Could not load snapshot text for C:\Users\USER\IdeaProjects\final-project-FickDuu\src\main\scala\ch\makery\address\musicPlayer.scala
2024.12.28 17:23:20 INFO  compiling root (1 scala source)
2024.12.28 17:23:20 INFO  time: compiled root in 0.15s
2024.12.28 17:23:21 WARN  Could not load snapshot text for C:\Users\USER\IdeaProjects\final-project-FickDuu\src\main\scala\ch\makery\address\musicPlayer.scala
2024.12.28 17:24:14 WARN  Could not load snapshot text for C:\Users\USER\IdeaProjects\final-project-FickDuu\src\main\scala\ch\makery\address\musicPlayer.scala
2024.12.28 17:24:16 WARN  Could not load snapshot text for C:\Users\USER\IdeaProjects\final-project-FickDuu\src\main\scala\ch\makery\address\musicPlayer.scala
2024.12.28 17:24:17 INFO  compiling root (1 scala source)
2024.12.28 17:24:17 WARN  Could not load snapshot text for C:\Users\USER\IdeaProjects\final-project-FickDuu\src\main\scala\ch\makery\address\musicPlayer.scala
2024.12.28 17:24:19 INFO  time: compiled root in 1.56s
2024.12.28 17:24:19 WARN  Could not load snapshot text for C:\Users\USER\IdeaProjects\final-project-FickDuu\src\main\scala\ch\makery\address\musicPlayer.scala
2024.12.28 17:24:27 WARN  Could not load snapshot text for C:\Users\USER\IdeaProjects\final-project-FickDuu\src\main\scala\ch\makery\address\musicPlayer.scala
2024.12.28 17:24:33 WARN  Could not load snapshot text for C:\Users\USER\IdeaProjects\final-project-FickDuu\src\main\scala\ch\makery\address\musicPlayer.scala
2024.12.28 17:24:33 WARN  Could not load snapshot text for C:\Users\USER\IdeaProjects\final-project-FickDuu\src\main\scala\ch\makery\address\musicPlayer.scala
2024.12.28 17:24:34 INFO  compiling root (1 scala source)
2024.12.28 17:24:35 WARN  Could not load snapshot text for C:\Users\USER\IdeaProjects\final-project-FickDuu\src\main\scala\ch\makery\address\musicPlayer.scala
2024.12.28 17:24:35 WARN  Could not load snapshot text for C:\Users\USER\IdeaProjects\final-project-FickDuu\src\main\scala\ch\makery\address\musicPlayer.scala
2024.12.28 17:24:36 INFO  time: compiled root in 1.64s
2024.12.28 17:24:36 WARN  Could not load snapshot text for C:\Users\USER\IdeaProjects\final-project-FickDuu\src\main\scala\ch\makery\address\musicPlayer.scala
2024.12.28 17:24:36 INFO  compiling root (1 scala source)
2024.12.28 17:24:36 WARN  Could not load snapshot text for C:\Users\USER\IdeaProjects\final-project-FickDuu\src\main\scala\ch\makery\address\musicPlayer.scala
2024.12.28 17:24:38 INFO  time: compiled root in 1.69s
2024.12.28 17:24:38 WARN  Could not load snapshot text for C:\Users\USER\IdeaProjects\final-project-FickDuu\src\main\scala\ch\makery\address\musicPlayer.scala
2024.12.28 17:24:38 INFO  compiling root (1 scala source)
2024.12.28 17:24:38 WARN  Could not load snapshot text for C:\Users\USER\IdeaProjects\final-project-FickDuu\src\main\scala\ch\makery\address\musicPlayer.scala
2024.12.28 17:24:39 INFO  time: compiled root in 1.38s
2024.12.28 17:24:40 WARN  Could not load snapshot text for C:\Users\USER\IdeaProjects\final-project-FickDuu\src\main\scala\ch\makery\address\musicPlayer.scala
2024.12.28 17:24:55 WARN  Could not load snapshot text for C:\Users\USER\IdeaProjects\final-project-FickDuu\src\main\scala\ch\makery\address\musicPlayer.scala
2024.12.28 17:24:55 INFO  compiling root (1 scala source)
2024.12.28 17:24:56 WARN  Could not load snapshot text for C:\Users\USER\IdeaProjects\final-project-FickDuu\src\main\scala\ch\makery\address\musicPlayer.scala
2024.12.28 17:24:57 INFO  time: compiled root in 1.5s
2024.12.28 17:24:57 WARN  Could not load snapshot text for C:\Users\USER\IdeaProjects\final-project-FickDuu\src\main\scala\ch\makery\address\musicPlayer.scala
2024.12.28 17:24:57 INFO  compiling root (1 scala source)
2024.12.28 17:24:58 WARN  Could not load snapshot text for C:\Users\USER\IdeaProjects\final-project-FickDuu\src\main\scala\ch\makery\address\musicPlayer.scala
2024.12.28 17:24:59 INFO  time: compiled root in 1.48s
2024.12.28 17:24:59 WARN  Could not load snapshot text for C:\Users\USER\IdeaProjects\final-project-FickDuu\src\main\scala\ch\makery\address\musicPlayer.scala
2024.12.28 17:24:59 INFO  compiling root (1 scala source)
2024.12.28 17:25:00 WARN  Could not load snapshot text for C:\Users\USER\IdeaProjects\final-project-FickDuu\src\main\scala\ch\makery\address\musicPlayer.scala
2024.12.28 17:25:01 INFO  time: compiled root in 1.94s
2024.12.28 17:25:01 INFO  compiling root (1 scala source)
2024.12.28 17:25:02 WARN  Could not load snapshot text for C:\Users\USER\IdeaProjects\final-project-FickDuu\src\main\scala\ch\makery\address\musicPlayer.scala
2024.12.28 17:25:03 INFO  time: compiled root in 1.45s
2024.12.28 17:25:03 WARN  Could not load snapshot text for C:\Users\USER\IdeaProjects\final-project-FickDuu\src\main\scala\ch\makery\address\musicPlayer.scala
2024.12.28 17:29:41 WARN  Could not load snapshot text for C:\Users\USER\IdeaProjects\final-project-FickDuu\src\main\scala\ch\makery\address\musicPlayer.scala
2024.12.28 17:29:44 WARN  Could not load snapshot text for C:\Users\USER\IdeaProjects\final-project-FickDuu\src\main\scala\ch\makery\address\musicPlayer.scala
2024.12.28 17:29:46 WARN  Could not load snapshot text for C:\Users\USER\IdeaProjects\final-project-FickDuu\src\main\scala\ch\makery\address\musicPlayer.scala
2024.12.28 17:29:46 WARN  Could not load snapshot text for C:\Users\USER\IdeaProjects\final-project-FickDuu\src\main\scala\ch\makery\address\musicPlayer.scala
2024.12.28 17:29:47 INFO  compiling root (1 scala source)
2024.12.28 17:29:47 WARN  Could not load snapshot text for C:\Users\USER\IdeaProjects\final-project-FickDuu\src\main\scala\ch\makery\address\musicPlayer.scala
2024.12.28 17:29:49 INFO  time: compiled root in 1.44s
2024.12.28 17:29:49 WARN  Could not load snapshot text for C:\Users\USER\IdeaProjects\final-project-FickDuu\src\main\scala\ch\makery\address\musicPlayer.scala
2024.12.28 17:29:49 WARN  Could not load snapshot text for C:\Users\USER\IdeaProjects\final-project-FickDuu\src\main\scala\ch\makery\address\musicPlayer.scala
2024.12.28 17:29:49 INFO  compiling root (1 scala source)
2024.12.28 17:29:50 WARN  Could not load snapshot text for C:\Users\USER\IdeaProjects\final-project-FickDuu\src\main\scala\ch\makery\address\musicPlayer.scala
2024.12.28 17:29:51 INFO  time: compiled root in 1.34s
2024.12.28 17:29:51 WARN  Could not load snapshot text for C:\Users\USER\IdeaProjects\final-project-FickDuu\src\main\scala\ch\makery\address\musicPlayer.scala
2024.12.28 17:29:58 WARN  Could not load snapshot text for C:\Users\USER\IdeaProjects\final-project-FickDuu\src\main\scala\ch\makery\address\musicPlayer.scala
2024.12.28 17:29:59 INFO  compiling root (1 scala source)
2024.12.28 17:29:59 WARN  Could not load snapshot text for C:\Users\USER\IdeaProjects\final-project-FickDuu\src\main\scala\ch\makery\address\musicPlayer.scala
2024.12.28 17:30:01 WARN  Could not load snapshot text for C:\Users\USER\IdeaProjects\final-project-FickDuu\src\main\scala\ch\makery\address\musicPlayer.scala
2024.12.28 17:30:01 WARN  Could not load snapshot text for C:\Users\USER\IdeaProjects\final-project-FickDuu\src\main\scala\ch\makery\address\musicPlayer.scala
2024.12.28 17:30:01 INFO  time: compiled root in 2.22s
2024.12.28 17:30:02 WARN  Could not load snapshot text for C:\Users\USER\IdeaProjects\final-project-FickDuu\src\main\scala\ch\makery\address\musicPlayer.scala
2024.12.28 17:30:02 WARN  Could not load snapshot text for C:\Users\USER\IdeaProjects\final-project-FickDuu\src\main\scala\ch\makery\address\musicPlayer.scala
2024.12.28 17:30:03 INFO  compiling root (1 scala source)
2024.12.28 17:30:03 WARN  Could not load snapshot text for C:\Users\USER\IdeaProjects\final-project-FickDuu\src\main\scala\ch\makery\address\musicPlayer.scala
2024.12.28 17:30:04 INFO  time: compiled root in 1.31s
2024.12.28 17:30:05 WARN  Could not load snapshot text for C:\Users\USER\IdeaProjects\final-project-FickDuu\src\main\scala\ch\makery\address\musicPlayer.scala
2024.12.28 17:34:05 WARN  Could not load snapshot text for C:\Users\USER\IdeaProjects\final-project-FickDuu\src\main\scala\ch\makery\address\musicPlayer.scala
2024.12.28 17:35:36 WARN  Could not load snapshot text for C:\Users\USER\IdeaProjects\final-project-FickDuu\src\main\scala\ch\makery\address\musicPlayer.scala
2024.12.28 17:35:47 WARN  Could not load snapshot text for C:\Users\USER\IdeaProjects\final-project-FickDuu\src\main\scala\ch\makery\address\musicPlayer.scala
2024.12.28 17:36:27 WARN  Could not load snapshot text for C:\Users\USER\IdeaProjects\final-project-FickDuu\src\main\scala\ch\makery\address\musicPlayer.scala
2024.12.28 17:36:29 WARN  Could not load snapshot text for C:\Users\USER\IdeaProjects\final-project-FickDuu\src\main\scala\ch\makery\address\musicPlayer.scala
2024.12.28 17:36:30 WARN  Could not load snapshot text for C:\Users\USER\IdeaProjects\final-project-FickDuu\src\main\scala\ch\makery\address\musicPlayer.scala
2024.12.28 17:36:30 INFO  compiling root (1 scala source)
2024.12.28 17:36:31 WARN  Could not load snapshot text for C:\Users\USER\IdeaProjects\final-project-FickDuu\src\main\scala\ch\makery\address\musicPlayer.scala
2024.12.28 17:36:32 INFO  time: compiled root in 1.6s
2024.12.28 17:36:32 WARN  Could not load snapshot text for C:\Users\USER\IdeaProjects\final-project-FickDuu\src\main\scala\ch\makery\address\musicPlayer.scala
2024.12.28 17:36:48 WARN  Could not load snapshot text for C:\Users\USER\IdeaProjects\final-project-FickDuu\src\main\scala\ch\makery\address\musicPlayer.scala
2024.12.28 17:36:52 WARN  Could not load snapshot text for C:\Users\USER\IdeaProjects\final-project-FickDuu\src\main\scala\ch\makery\address\musicPlayer.scala
2024.12.28 17:36:53 INFO  compiling root (1 scala source)
2024.12.28 17:36:53 WARN  Could not load snapshot text for C:\Users\USER\IdeaProjects\final-project-FickDuu\src\main\scala\ch\makery\address\musicPlayer.scala
2024.12.28 17:36:54 INFO  time: compiled root in 1.21s
2024.12.28 17:36:54 WARN  Could not load snapshot text for C:\Users\USER\IdeaProjects\final-project-FickDuu\src\main\scala\ch\makery\address\musicPlayer.scala
2024.12.28 17:36:54 INFO  compiling root (1 scala source)
2024.12.28 17:36:55 WARN  Could not load snapshot text for C:\Users\USER\IdeaProjects\final-project-FickDuu\src\main\scala\ch\makery\address\musicPlayer.scala
2024.12.28 17:36:55 WARN  Could not load snapshot text for C:\Users\USER\IdeaProjects\final-project-FickDuu\src\main\scala\ch\makery\address\musicPlayer.scala
2024.12.28 17:36:56 INFO  time: compiled root in 1.5s
2024.12.28 17:36:56 INFO  compiling root (1 scala source)
2024.12.28 17:36:57 WARN  Could not load snapshot text for C:\Users\USER\IdeaProjects\final-project-FickDuu\src\main\scala\ch\makery\address\musicPlayer.scala
2024.12.28 17:36:58 INFO  time: compiled root in 1.52s
2024.12.28 17:36:58 WARN  Could not load snapshot text for C:\Users\USER\IdeaProjects\final-project-FickDuu\src\main\scala\ch\makery\address\musicPlayer.scala
2024.12.28 17:37:07 WARN  Could not load snapshot text for C:\Users\USER\IdeaProjects\final-project-FickDuu\src\main\scala\ch\makery\address\musicPlayer.scala
2024.12.28 17:37:08 INFO  compiling root (1 scala source)
2024.12.28 17:37:08 WARN  Could not load snapshot text for C:\Users\USER\IdeaProjects\final-project-FickDuu\src\main\scala\ch\makery\address\musicPlayer.scala
2024.12.28 17:37:09 INFO  time: compiled root in 1.01s
2024.12.28 17:37:09 WARN  Could not load snapshot text for C:\Users\USER\IdeaProjects\final-project-FickDuu\src\main\scala\ch\makery\address\musicPlayer.scala
Dec 28, 2024 5:41:31 PM org.eclipse.lsp4j.jsonrpc.services.GenericEndpoint notify
INFO: Unsupported notification method: $/setTrace
2024.12.28 17:45:55 INFO  compiling root (1 scala source)
2024.12.28 17:45:55 WARN  Could not load snapshot text for C:\Users\USER\IdeaProjects\final-project-FickDuu\src\main\scala\ch\makery\address\musicPlayer.scala
2024.12.28 17:45:57 INFO  time: compiled root in 1.75s
2024.12.28 17:45:57 WARN  Could not load snapshot text for C:\Users\USER\IdeaProjects\final-project-FickDuu\src\main\scala\ch\makery\address\musicPlayer.scala
2024.12.28 17:48:21 INFO  Shutting down server
2024.12.28 17:48:21 INFO  shutting down Metals
2024.12.28 17:48:21 INFO  Shut down connection with build server.
2024.12.28 17:48:21 INFO  Shut down connection with build server.
2024.12.28 17:48:21 INFO  Shut down connection with build server.
2024.12.28 17:48:21 INFO  Exiting server
